{
  "RSpec": {
    "coverage": {
      "/Users/igormagalhaes/Desktop/turing/3mod/projects/hop_hop_be/app/models/trip.rb": {
        "lines": [
          1,
          1,
          1,
          1,
          null,
          1,
          1,
          1,
          1,
          1,
          1,
          1,
          null,
          1,
          null
        ]
      },
      "/Users/igormagalhaes/Desktop/turing/3mod/projects/hop_hop_be/app/models/application_record.rb": {
        "lines": [
          1,
          1,
          null
        ]
      },
      "/Users/igormagalhaes/Desktop/turing/3mod/projects/hop_hop_be/app/controllers/api/v1/trips_controller.rb": {
        "lines": [
          1,
          1,
          2,
          2,
          null,
          null,
          1,
          2,
          1,
          null,
          null,
          1,
          3,
          2,
          1,
          null,
          null,
          1,
          3,
          1,
          null,
          null,
          1,
          null,
          1,
          5,
          null,
          null
        ]
      },
      "/Users/igormagalhaes/Desktop/turing/3mod/projects/hop_hop_be/app/controllers/application_controller.rb": {
        "lines": [
          1,
          1,
          1,
          null,
          1,
          null,
          1,
          2,
          null,
          null,
          null,
          1,
          3,
          null,
          null,
          null
        ]
      },
      "/Users/igormagalhaes/Desktop/turing/3mod/projects/hop_hop_be/app/serializers/trip_serializer.rb": {
        "lines": [
          1,
          1,
          1,
          null
        ]
      },
      "/Users/igormagalhaes/Desktop/turing/3mod/projects/hop_hop_be/app/serializers/error_serializer.rb": {
        "lines": [
          1,
          1,
          null,
          1,
          5,
          null,
          null,
          1,
          null,
          5,
          null,
          null,
          null,
          null,
          null,
          null,
          null
        ]
      },
      "/Users/igormagalhaes/Desktop/turing/3mod/projects/hop_hop_be/app/poros/error_message.rb": {
        "lines": [
          1,
          1,
          1,
          5,
          5,
          null,
          null
        ]
      }
    },
    "timestamp": 1712841368
  }
}
